
/**
* Auto-generated code snippet by QMetry Automation Framework.
*/
@QAFTestStep(description="I take a screenshot")
public void iTakeAScreenshot(){
	//TODO: remove NotYetImplementedException and call test steps
	throw new NotYetImplementedException();
}


/**
* Auto-generated code snippet by QMetry Automation Framework.
*/
@QAFTestStep(description="I take a screenshot")
public void iTakeAScreenshot(){
	//TODO: remove NotYetImplementedException and call test steps
	throw new NotYetImplementedException();
}


/**
* Auto-generated code snippet by QMetry Automation Framework.
*/
@QAFTestStep(description="I take a screenshot")
public void iTakeAScreenshot(){
	//TODO: remove NotYetImplementedException and call test steps
	throw new NotYetImplementedException();
}

